Using pre-set license

 COMMAND LINE ARGUMENTS:
/Applications/Unity/Hub/Editor/2020.3.11f1/Unity.app/Contents/MacOS/Unity
-adb2
-batchMode
-noUpm
-name
AssetImportWorker0
-projectPath
/Users/tylerfedoris/Unity Projects/zone-control
-logFile
Logs/AssetImportWorker0.log
-srvPort
49353
Successfully changed project path to: /Users/tylerfedoris/Unity Projects/zone-control
/Users/tylerfedoris/Unity Projects/zone-control
Using Asset Import Pipeline V2.
Refreshing native plugins compatible for Editor in 42.92 ms, found 3 plugins.
Preloading 0 native plugins for Editor in 0.00 ms.
Initialize engine version: 2020.3.11f1 (99c7afb366b3)
[Subsystems] Discovering subsystems at path /Applications/Unity/Hub/Editor/2020.3.11f1/Unity.app/Contents/Resources/UnitySubsystems
[Subsystems] Discovering subsystems at path /Users/tylerfedoris/Unity Projects/zone-control/Assets
GfxDevice: creating device client; threaded=0
2021-06-09 14:15:46.414 Unity[758:11734] Dell AW3420DW preferred device: AMD Radeon Pro 560X (high power)
2021-06-09 14:15:46.414 Unity[758:11734] Metal devices available: 2
2021-06-09 14:15:46.414 Unity[758:11734] 0: AMD Radeon Pro 560X (high power)
2021-06-09 14:15:46.414 Unity[758:11734] 1: Intel(R) UHD Graphics 630 (low power)
2021-06-09 14:15:46.414 Unity[758:11734] Using device AMD Radeon Pro 560X (high power)
Initializing Metal device caps: AMD Radeon Pro 560X
Initialize mono
Mono path[0] = '/Applications/Unity/Hub/Editor/2020.3.11f1/Unity.app/Contents/Managed'
Mono path[1] = '/Applications/Unity/Hub/Editor/2020.3.11f1/Unity.app/Contents/MonoBleedingEdge/lib/mono/unityjit'
Mono config path = '/Applications/Unity/Hub/Editor/2020.3.11f1/Unity.app/Contents/MonoBleedingEdge/etc'
Using monoOptions --debugger-agent=transport=dt_socket,embedding=1,server=y,suspend=n,address=127.0.0.1:56758
Begin MonoManager ReloadAssembly
Registering precompiled unity dll's ...
Register platform support module: /Applications/Unity/Hub/Editor/2020.3.11f1/Unity.app/Contents/PlaybackEngines/MacStandaloneSupport/UnityEditor.OSXStandalone.Extensions.dll
Register platform support module: /Applications/Unity/Hub/Editor/2020.3.11f1/PlaybackEngines/WindowsStandaloneSupport/UnityEditor.WindowsStandalone.Extensions.dll
Registered in 0.000701 seconds.
Native extension for WindowsStandalone target not found
Native extension for OSXStandalone target not found
Refreshing native plugins compatible for Editor in 58.83 ms, found 3 plugins.
Preloading 0 native plugins for Editor in 0.00 ms.
Mono: successfully reloaded assembly
- Completed reload, in  1.927 seconds
Platform modules already initialized, skipping
Registering precompiled user dll's ...
Registered in 0.002320 seconds.
Begin MonoManager ReloadAssembly
Native extension for WindowsStandalone target not found
Native extension for OSXStandalone target not found
Refreshing native plugins compatible for Editor in 45.92 ms, found 3 plugins.
Preloading 0 native plugins for Editor in 0.00 ms.
Mono: successfully reloaded assembly
- Completed reload, in  1.990 seconds
Platform modules already initialized, skipping
========================================================================
Worker process is ready to serve import requests
Launching external process: /Applications/Unity/Hub/Editor/2020.3.11f1/Unity.app/Contents/Tools/UnityShaderCompiler
Launched and connected shader compiler UnityShaderCompiler after 0.01 seconds
Refreshing native plugins compatible for Editor in 0.53 ms, found 3 plugins.
Preloading 0 native plugins for Editor in 0.00 ms.
Unloading 2628 Unused Serialized files (Serialized files now loaded: 0)
System memory in use before: 210.8 MB.
System memory in use after: 211.0 MB.

Unloading 34 unused Assets to reduce memory usage. Loaded Objects now: 3070.
Total: 2.843865 ms (FindLiveObjects: 0.249477 ms CreateObjectMapping: 0.108534 ms MarkObjects: 2.413386 ms  DeleteObjects: 0.071514 ms)

========================================================================
Received Import Request.
  path: Assets/Scripts/EnemySpawner.cs
  artifactKey: Guid(758651470a4979742ba8125d6ed042b4) Importer(815301076,1909f56bfc062723c751e8b465ee728b)
Start importing Assets/Scripts/EnemySpawner.cs using Guid(758651470a4979742ba8125d6ed042b4) Importer(815301076,1909f56bfc062723c751e8b465ee728b)  -> (artifact id: '93bb104adbacdfe00f703cc86fe6ecbe') in 0.505505 seconds
  Import took 0.510448 seconds .

========================================================================
Received Import Request.
  Time since last request: 41.737106 seconds.
  path: Assets/Scripts/GameManager.cs
  artifactKey: Guid(9a2a72e617fe64f1ea5cfbef8a5504a5) Importer(815301076,1909f56bfc062723c751e8b465ee728b)
Start importing Assets/Scripts/GameManager.cs using Guid(9a2a72e617fe64f1ea5cfbef8a5504a5) Importer(815301076,1909f56bfc062723c751e8b465ee728b)  -> (artifact id: '305f81fea65842e5663c852380ab8f7b') in 0.001841 seconds
  Import took 0.006354 seconds .

========================================================================
Received Prepare
Refreshing native plugins compatible for Editor in 2.14 ms, found 3 plugins.
Preloading 0 native plugins for Editor in 0.00 ms.
Unloading 17 Unused Serialized files (Serialized files now loaded: 0)
System memory in use before: 162.6 MB.
System memory in use after: 162.9 MB.

Unloading 16 unused Assets to reduce memory usage. Loaded Objects now: 3070.
Total: 2.210977 ms (FindLiveObjects: 0.182590 ms CreateObjectMapping: 0.080270 ms MarkObjects: 1.934292 ms  DeleteObjects: 0.013269 ms)

